<?xml version="1.0" encoding="UTF-8"?>
<testng-results skipped="0" failed="0" total="0" passed="0">
  <reporter-output>
  </reporter-output>
  <suite name="ro.sv.automation.AutomationProject.AppTest" duration-ms="3" started-at="2018-08-02T11:47:34Z" finished-at="2018-08-02T11:47:34Z">
    <groups>
    </groups>
    <test name="Command line test" duration-ms="3" started-at="2018-08-02T11:47:34Z" finished-at="2018-08-02T11:47:34Z">
    </test> <!-- Command line test -->
  </suite> <!-- ro.sv.automation.AutomationProject.AppTest -->
</testng-results>
