<?xml version="1.0" encoding="UTF-8"?>
<!-- Generated by org.testng.reporters.JUnitXMLReporter -->
<testsuite hostname="SVRODK00078" name="Default test" tests="3" failures="0" timestamp="2 Aug 2018 12:38:13 GMT" time="8.83" errors="0">
  <testcase name="check" time="1.205" classname="ro.sv.automation.AutomationProject.HomePageTest"/>
  <testcase name="checkTextforP1" time="0.063" classname="ro.sv.automation.AutomationProject.HomePageTest"/>
  <testcase name="checkTextforP2" time="0.054" classname="ro.sv.automation.AutomationProject.HomePageTest"/>
</testsuite> <!-- Default test -->
